Arguments: 
  C:\Program Files\nodejs\node.exe C:\Program Files (x86)\Yarn\bin\yarn.js init

PATH: 
  C:\Program Files\cmder_mini\vendor\conemu-maximus5\ConEmu\Scripts;C:\Program Files\cmder_mini\vendor\conemu-maximus5;C:\Program Files\cmder_mini\vendor\conemu-maximus5\ConEmu;C:\Perl64\bin;C:\Users\beril\AppData\Roaming\ActiveState\bin;C:\Program Files\AdoptOpenJDK\jdk-11.0.11.9-hotspot\bin;C:\Program Files (x86)\Common Files\Oracle\Java\javapath;C:\Program Files\SafeNet\Authentication\SAC\x64;C:\Program Files\SafeNet\Authentication\SAC\x32;C:\Program Files\PuTTY\;C:\Program Files (x86)\Yarn\bin\;C:\Program Files\nodejs\;C:\WINDOWS\system32;C:\WINDOWS;C:\WINDOWS\System32\Wbem;C:\WINDOWS\System32\WindowsPowerShell\v1.0\;C:\WINDOWS\System32\OpenSSH\;C:\Program Files\Common Files\Autodesk Shared\;C:\Program Files\Microsoft SQL Server\120\Tools\Binn\;C:\Program Files\Docker\Docker\resources\bin;C:\ProgramData\DockerDesktop\version-bin;C:\Program Files\Git\cmd;C:\Program Files\MiKTeX\miktex\bin\x64\;C:\Users\beril\AppData\Local\activestate\bin;C:\Program Files\Java\jre1.8.0_241\bin;C:\Users\beril\anaconda3;C:\Users\beril\anaconda3\Scripts;C:\Users\beril\AppData\Local\Yarn\bin;C:\Program Files\MongoDB\Server\4.4\bin;C:\Users\beril\AppData\Roaming\npm;C:\Users\beril\AppData\Local\Programs\Microsoft VS Code\bin;C:\Users\beril\AppData\Local\Microsoft\WindowsApps;C:\Program Files\heroku\bin;C:\Program Files\Git\mingw64\bin;C:\Program Files\Git\usr\bin;C:\Program Files\cmder_mini\vendor\bin;C:\Program Files\cmder_mini

Yarn version: 
  1.22.5

Node version: 
  14.15.0

Platform: 
  win32 x64

Trace: 
  Error: canceled
      at Interface.<anonymous> (C:\Program Files (x86)\Yarn\lib\cli.js:137009:13)
      at Interface.emit (events.js:315:20)
      at Interface._ttyWrite (readline.js:875:16)
      at ReadStream.onkeypress (readline.js:213:10)
      at ReadStream.emit (events.js:315:20)
      at emitKeys (internal/readline/utils.js:345:14)
      at emitKeys.next (<anonymous>)
      at ReadStream.onData (readline.js:1144:36)
      at ReadStream.emit (events.js:315:20)
      at addChunk (_stream_readable.js:309:12)

npm manifest: 
  No manifest

yarn manifest: 
  No manifest

Lockfile: 
  No lockfile
